<?xml version="1.0" encoding="UTF-8"?>
<!-- Generated by org.testng.reporters.JUnitReportReporter -->
<testsuite skipped="0" hostname="MSI" name="ActionClass.Actions2" tests="1" failures="0" timestamp="07 Aug 2019 02:13:43 GMT" time="3.892" errors="0">
  <testcase name="firstTest" time="3.892" classname="ActionClass.Actions2"/>
</testsuite> <!-- ActionClass.Actions2 -->
